#
# A fatal error has been detected by the Java Runtime Environment:
#
#  SIGSEGV (0xb) at pc=0x00007fff663dcd29, pid=939, tid=0x000000000000a403
#
# JRE version: Java(TM) SE Runtime Environment (8.0_201-b09) (build 1.8.0_201-b09)
# Java VM: Java HotSpot(TM) 64-Bit Server VM (25.201-b09 mixed mode bsd-amd64 compressed oops)
# Problematic frame:
# C  [libsystem_platform.dylib+0x1d29]  _platform_memmove$VARIANT$Haswell+0x29
#
# Failed to write core dump. Core dumps have been disabled. To enable core dumping, try "ulimit -c unlimited" before starting Java again
#
# If you would like to submit a bug report, please visit:
#   http://bugreport.java.com/bugreport/crash.jsp
# The crash happened outside the Java Virtual Machine in native code.
# See problematic frame for where to report the bug.
#

---------------  T H R E A D  ---------------

Current thread (0x00007f9e4d88c800):  JavaThread "http-bio-8080-exec-3" daemon [_thread_in_native, id=41987, stack(0x0000700007679000,0x0000700007779000)]

siginfo: si_signo: 11 (SIGSEGV), si_code: 1 (SEGV_MAPERR), si_addr: 0x0000000127687000

Registers:
RAX=0x00007f9e50d46e00, RBX=0x00000001276663ed, RCX=0x00000000000010cb, RDX=0x0000000000004ecc
RSP=0x0000700007773790, RBP=0x0000700007773790, RSI=0x0000000127687000, RDI=0x00007f9e50d4ac01
R8 =0x0000000000008006, R9 =0x0000000000000000, R10=0x0000000000002a5f, R11=0x00007f9d296c3c01
R12=0x00000000c0fe9018, R13=0x00000000ba38ddc2, R14=0x00007f9e50d46e00, R15=0x0000000000004ecc
RIP=0x00007fff663dcd29, EFLAGS=0x0000000000010206, ERR=0x0000000000000004
  TRAPNO=0x000000000000000e

Top of Stack: (sp=0x0000700007773790)
0x0000700007773790:   0000700007773800 000000010d2d7399
0x00007000077737a0:   0000004600000002 00000000000000f4
0x00007000077737b0:   0000000000004ecc 0000000127777000
0x00007000077737c0:   000000000000d99e 00007f9e4cab9c40
0x00007000077737d0:   00007f9e550715f0 00007f9e4cab9c40
0x00007000077737e0:   00007f9e4cab9de0 00000000000000f0
0x00007000077737f0:   00000000b23668e5 00007f9e4afef9b0
0x0000700007773800:   0000700007773860 000000010d2d752d
0x0000700007773810:   00007000077738a3 00007000077738a2
0x0000700007773820:   0000002300000000 000000240188c800
0x0000700007773830:   000070000777387e 0000700007773cc8
0x0000700007773840:   0000000000000024 000070000777387e
0x0000700007773850:   00007f9e4cab9c40 00007f9e4d88c9f8
0x0000700007773860:   0000700007773cb0 000000010d2d6238
0x0000700007773870:   00007000077738c0 6f63000100000001
0x0000700007773880:   2f6f6174796d2f6d 752f6e6f6d6d6f63
0x0000700007773890:   5544492f736c6974 616c632e736c6974
0x00007000077738a0:   0000700000007373 00000001233543d8
0x00007000077738b0:   00007f9e4d88c800 0000700007773930
0x00007000077738c0:   00007000077738f0 00000001233543d8
0x00007000077738d0:   00007f9e4d88c800 00000001233543d8
0x00007000077738e0:   0000700007773960 00000001233543d8
0x00007000077738f0:   0000700007773f30 00000001233543d8
0x0000700007773900:   000000010ff96ba0 0000700007773a10
0x0000700007773910:   00000001233543d8 0000700007773bc0
0x0000700007773920:   00007f9e4d88c800 0000700007773a10
0x0000700007773930:   00000001233543d8 0000700007773bc0
0x0000700007773940:   0000700007773ab0 000000010f2befc3
0x0000700007773950:   0000700007774bc0 00007f9e5502cf78
0x0000700007773960:   00007f9e4d88c9f8 0000700007773bc0
0x0000700007773970:   00007f9e4ce2f830 000000079f3f1b50
0x0000700007773980:   0000000740365918 00007000077742d0 

Instructions: (pc=0x00007fff663dcd29)
0x00007fff663dcd09:   f3 48 89 f8 49 39 d3 72 1b 48 83 fa 60 76 2f 48
0x00007fff663dcd19:   81 fa 00 40 00 00 0f 82 cb 00 00 00 48 89 d1 fc
0x00007fff663dcd29:   f3 a4 5d c3 48 39 fe 74 f9 48 01 d6 48 01 d7 48
0x00007fff663dcd39:   83 fa 60 0f 82 8c 01 00 00 e9 a9 01 00 00 48 83 

Register to memory mapping:

RAX=0x00007f9e50d46e00 is an unknown value
RBX=0x00000001276663ed is an unknown value
RCX=0x00000000000010cb is an unknown value
RDX=0x0000000000004ecc is an unknown value
RSP=0x0000700007773790 is pointing into the stack for thread: 0x00007f9e4d88c800
RBP=0x0000700007773790 is pointing into the stack for thread: 0x00007f9e4d88c800
RSI=0x0000000127687000 is an unknown value
RDI=0x00007f9e50d4ac01 is an unknown value
R8 =0x0000000000008006 is an unknown value
R9 =0x0000000000000000 is an unknown value
R10=0x0000000000002a5f is an unknown value
R11=0x00007f9d296c3c01 is an unknown value
R12=0x00000000c0fe9018 is an unknown value
R13=0x00000000ba38ddc2 is an unknown value
R14=0x00007f9e50d46e00 is an unknown value
R15=0x0000000000004ecc is an unknown value


Stack: [0x0000700007679000,0x0000700007779000],  sp=0x0000700007773790,  free space=1001k
Native frames: (J=compiled Java code, j=interpreted, Vv=VM code, C=native code)
C  [libsystem_platform.dylib+0x1d29]  _platform_memmove$VARIANT$Haswell+0x29
C  [libzip.dylib+0x3399]  newEntry+0x65b
C  [libzip.dylib+0x352d]  ZIP_GetEntry2+0xd4
C  [libzip.dylib+0x2238]  Java_java_util_zip_ZipFile_getEntry+0xcf
J 107  java.util.zip.ZipFile.getEntry(J[BZ)J (0 bytes) @ 0x00000001100907ce [0x0000000110090700+0xce]
J 8255 C2 java.util.jar.JarFile.getEntry(Ljava/lang/String;)Ljava/util/zip/ZipEntry; (22 bytes) @ 0x000000011026ec90 [0x000000011026e900+0x390]
J 5702 C2 sun.misc.URLClassPath$JarLoader.getResource(Ljava/lang/String;Z)Lsun/misc/Resource; (85 bytes) @ 0x00000001110ed29c [0x00000001110ed120+0x17c]
J 473 C2 sun.misc.URLClassPath.getResource(Ljava/lang/String;Z)Lsun/misc/Resource; (83 bytes) @ 0x00000001101b3428 [0x00000001101b3340+0xe8]
J 9067 C1 java.net.URLClassLoader$1.run()Ljava/lang/Class; (63 bytes) @ 0x00000001116469ac [0x00000001116467a0+0x20c]
J 8920 C1 java.net.URLClassLoader$1.run()Ljava/lang/Object; (5 bytes) @ 0x000000011028be3c [0x000000011028bdc0+0x7c]
v  ~StubRoutines::call_stub
V  [libjvm.dylib+0x2f0bea]  JavaCalls::call_helper(JavaValue*, methodHandle*, JavaCallArguments*, Thread*)+0x6ae
V  [libjvm.dylib+0x3514e0]  JVM_DoPrivileged+0x4b8
J 182  java.security.AccessController.doPrivileged(Ljava/security/PrivilegedExceptionAction;Ljava/security/AccessControlContext;)Ljava/lang/Object; (0 bytes) @ 0x00000001100be795 [0x00000001100be6c0+0xd5]
J 1514 C2 java.net.URLClassLoader.findClass(Ljava/lang/String;)Ljava/lang/Class; (47 bytes) @ 0x0000000110482cfc [0x0000000110482c60+0x9c]
J 6487 C1 org.apache.catalina.loader.WebappClassLoader.findClass(Ljava/lang/String;)Ljava/lang/Class; (678 bytes) @ 0x0000000110c66cdc [0x0000000110c664c0+0x81c]
J 9131 C1 org.apache.catalina.loader.WebappClassLoader.loadClass(Ljava/lang/String;Z)Ljava/lang/Class; (617 bytes) @ 0x00000001116945ec [0x0000000111690ba0+0x3a4c]
J 9129 C1 org.apache.catalina.loader.WebappClassLoader.loadClass(Ljava/lang/String;)Ljava/lang/Class; (7 bytes) @ 0x00000001109a6354 [0x00000001109a62c0+0x94]
v  ~StubRoutines::call_stub
V  [libjvm.dylib+0x2f0bea]  JavaCalls::call_helper(JavaValue*, methodHandle*, JavaCallArguments*, Thread*)+0x6ae
V  [libjvm.dylib+0x2f138e]  JavaCalls::call_virtual(JavaValue*, KlassHandle, Symbol*, Symbol*, JavaCallArguments*, Thread*)+0x164
V  [libjvm.dylib+0x2f14e6]  JavaCalls::call_virtual(JavaValue*, Handle, KlassHandle, Symbol*, Symbol*, Handle, Thread*)+0x56
V  [libjvm.dylib+0x5419ec]  SystemDictionary::load_instance_class(Symbol*, Handle, Thread*)+0x2d8
V  [libjvm.dylib+0x541196]  SystemDictionary::resolve_instance_class_or_null(Symbol*, Handle, Handle, Thread*)+0x484
V  [libjvm.dylib+0x541c08]  SystemDictionary::resolve_or_null(Symbol*, Handle, Handle, Thread*)+0x106
V  [libjvm.dylib+0x5422bb]  SystemDictionary::resolve_or_fail(Symbol*, Handle, Handle, bool, Thread*)+0x31
V  [libjvm.dylib+0x1e42e8]  ConstantPool::klass_at_impl(constantPoolHandle, int, Thread*)+0x2f0
V  [libjvm.dylib+0x4555f6]  ConstantPool::klass_at(int, Thread*)+0x92
V  [libjvm.dylib+0x3ce772]  LinkResolver::resolve_pool(KlassHandle&, Symbol*&, Symbol*&, KlassHandle&, constantPoolHandle, int, Thread*)+0x72
V  [libjvm.dylib+0x3d1f4a]  LinkResolver::resolve_invokestatic(CallInfo&, constantPoolHandle, int, Thread*)+0x9e
V  [libjvm.dylib+0x3d206f]  LinkResolver::resolve_invoke(CallInfo&, Handle, constantPoolHandle, int, Bytecodes::Code, Thread*)+0xb3
V  [libjvm.dylib+0x2eafca]  InterpreterRuntime::resolve_invoke(JavaThread*, Bytecodes::Code)+0x364
j  com.mytao.service.impl.PictureServiceImpl.uploadPicture(Lorg/springframework/web/multipart/MultipartFile;)Ljava/util/Map;+15
v  ~StubRoutines::call_stub
V  [libjvm.dylib+0x2f0bea]  JavaCalls::call_helper(JavaValue*, methodHandle*, JavaCallArguments*, Thread*)+0x6ae
V  [libjvm.dylib+0x4d7830]  Reflection::invoke(instanceKlassHandle, methodHandle, Handle, bool, objArrayHandle, BasicType, objArrayHandle, bool, Thread*)+0xe12
V  [libjvm.dylib+0x4d7d64]  Reflection::invoke_method(oopDesc*, Handle, objArrayHandle, Thread*)+0x16c
V  [libjvm.dylib+0x349138]  JVM_InvokeMethod+0x166
J 5582  sun.reflect.NativeMethodAccessorImpl.invoke0(Ljava/lang/reflect/Method;Ljava/lang/Object;[Ljava/lang/Object;)Ljava/lang/Object; (0 bytes) @ 0x0000000111022dad [0x0000000111022cc0+0xed]
J 5581 C1 sun.reflect.NativeMethodAccessorImpl.invoke(Ljava/lang/Object;[Ljava/lang/Object;)Ljava/lang/Object; (104 bytes) @ 0x0000000111034114 [0x0000000111032f40+0x11d4]
J 5736 C2 java.lang.reflect.Method.invoke(Ljava/lang/Object;[Ljava/lang/Object;)Ljava/lang/Object; (62 bytes) @ 0x00000001110fc4e8 [0x00000001110fc440+0xa8]
j  org.springframework.aop.support.AopUtils.invokeJoinpointUsingReflection(Ljava/lang/Object;Ljava/lang/reflect/Method;[Ljava/lang/Object;)Ljava/lang/Object;+7
j  org.springframework.aop.framework.ReflectiveMethodInvocation.invokeJoinpoint()Ljava/lang/Object;+12
j  org.springframework.aop.framework.ReflectiveMethodInvocation.proceed()Ljava/lang/Object;+19
j  org.springframework.transaction.interceptor.TransactionInterceptor$1.proceedWithInvocation()Ljava/lang/Object;+4
j  org.springframework.transaction.interceptor.TransactionAspectSupport.invokeWithinTransaction(Ljava/lang/reflect/Method;Ljava/lang/Class;Lorg/springframework/transaction/interceptor/TransactionAspectSupport$InvocationCallback;)Ljava/lang/Object;+58
j  org.springframework.transaction.interceptor.TransactionInterceptor.invoke(Lorg/aopalliance/intercept/MethodInvocation;)Ljava/lang/Object;+40
j  org.springframework.aop.framework.ReflectiveMethodInvocation.proceed()Ljava/lang/Object;+101
j  org.springframework.aop.interceptor.ExposeInvocationInterceptor.invoke(Lorg/aopalliance/intercept/MethodInvocation;)Ljava/lang/Object;+18
j  org.springframework.aop.framework.ReflectiveMethodInvocation.proceed()Ljava/lang/Object;+101
j  org.springframework.aop.framework.JdkDynamicAopProxy.invoke(Ljava/lang/Object;Ljava/lang/reflect/Method;[Ljava/lang/Object;)Ljava/lang/Object;+321
j  com.sun.proxy.$Proxy39.uploadPicture(Lorg/springframework/web/multipart/MultipartFile;)Ljava/util/Map;+16
j  com.mytao.controller.PictureController.pictureUpload(Lorg/springframework/web/multipart/MultipartFile;)Ljava/lang/String;+5
v  ~StubRoutines::call_stub
V  [libjvm.dylib+0x2f0bea]  JavaCalls::call_helper(JavaValue*, methodHandle*, JavaCallArguments*, Thread*)+0x6ae
V  [libjvm.dylib+0x4d7830]  Reflection::invoke(instanceKlassHandle, methodHandle, Handle, bool, objArrayHandle, BasicType, objArrayHandle, bool, Thread*)+0xe12
V  [libjvm.dylib+0x4d7d64]  Reflection::invoke_method(oopDesc*, Handle, objArrayHandle, Thread*)+0x16c
V  [libjvm.dylib+0x349138]  JVM_InvokeMethod+0x166
J 5582  sun.reflect.NativeMethodAccessorImpl.invoke0(Ljava/lang/reflect/Method;Ljava/lang/Object;[Ljava/lang/Object;)Ljava/lang/Object; (0 bytes) @ 0x0000000111022dad [0x0000000111022cc0+0xed]
J 5581 C1 sun.reflect.NativeMethodAccessorImpl.invoke(Ljava/lang/Object;[Ljava/lang/Object;)Ljava/lang/Object; (104 bytes) @ 0x0000000111034114 [0x0000000111032f40+0x11d4]
J 5736 C2 java.lang.reflect.Method.invoke(Ljava/lang/Object;[Ljava/lang/Object;)Ljava/lang/Object; (62 bytes) @ 0x00000001110fc4e8 [0x00000001110fc440+0xa8]
j  org.springframework.web.method.support.InvocableHandlerMethod.doInvoke([Ljava/lang/Object;)Ljava/lang/Object;+16
j  org.springframework.web.method.support.InvocableHandlerMethod.invokeForRequest(Lorg/springframework/web/context/request/NativeWebRequest;Lorg/springframework/web/method/support/ModelAndViewContainer;[Ljava/lang/Object;)Ljava/lang/Object;+96
j  org.springframework.web.servlet.mvc.method.annotation.ServletInvocableHandlerMethod.invokeAndHandle(Lorg/springframework/web/context/request/ServletWebRequest;Lorg/springframework/web/method/support/ModelAndViewContainer;[Ljava/lang/Object;)V+4
j  org.springframework.web.servlet.mvc.method.annotation.RequestMappingHandlerAdapter.invokeHandleMethod(Ljavax/servlet/http/HttpServletRequest;Ljavax/servlet/http/HttpServletResponse;Lorg/springframework/web/method/HandlerMethod;)Lorg/springframework/web/servlet/ModelAndView;+230
j  org.springframework.web.servlet.mvc.method.annotation.RequestMappingHandlerAdapter.handleInternal(Ljavax/servlet/http/HttpServletRequest;Ljavax/servlet/http/HttpServletResponse;Lorg/springframework/web/method/HandlerMethod;)Lorg/springframework/web/servlet/ModelAndView;+89
j  org.springframework.web.servlet.mvc.method.AbstractHandlerMethodAdapter.handle(Ljavax/servlet/http/HttpServletRequest;Ljavax/servlet/http/HttpServletResponse;Ljava/lang/Object;)Lorg/springframework/web/servlet/ModelAndView;+7
j  org.springframework.web.servlet.DispatcherServlet.doDispatch(Ljavax/servlet/http/HttpServletRequest;Ljavax/servlet/http/HttpServletResponse;)V+318
j  org.springframework.web.servlet.DispatcherServlet.doService(Ljavax/servlet/http/HttpServletRequest;Ljavax/servlet/http/HttpServletResponse;)V+301
j  org.springframework.web.servlet.FrameworkServlet.processRequest(Ljavax/servlet/http/HttpServletRequest;Ljavax/servlet/http/HttpServletResponse;)V+71
j  org.springframework.web.servlet.FrameworkServlet.doPost(Ljavax/servlet/http/HttpServletRequest;Ljavax/servlet/http/HttpServletResponse;)V+3
j  javax.servlet.http.HttpServlet.service(Ljavax/servlet/http/HttpServletRequest;Ljavax/servlet/http/HttpServletResponse;)V+149
j  org.springframework.web.servlet.FrameworkServlet.service(Ljavax/servlet/http/HttpServletRequest;Ljavax/servlet/http/HttpServletResponse;)V+32
j  javax.servlet.http.HttpServlet.service(Ljavax/servlet/ServletRequest;Ljavax/servlet/ServletResponse;)V+30
j  org.apache.catalina.core.ApplicationFilterChain.internalDoFilter(Ljavax/servlet/ServletRequest;Ljavax/servlet/ServletResponse;)V+446
j  org.apache.catalina.core.ApplicationFilterChain.doFilter(Ljavax/servlet/ServletRequest;Ljavax/servlet/ServletResponse;)V+101
j  org.apache.tomcat.websocket.server.WsFilter.doFilter(Ljavax/servlet/ServletRequest;Ljavax/servlet/ServletResponse;Ljavax/servlet/FilterChain;)V+11
j  org.apache.catalina.core.ApplicationFilterChain.internalDoFilter(Ljavax/servlet/ServletRequest;Ljavax/servlet/ServletResponse;)V+151
j  org.apache.catalina.core.ApplicationFilterChain.doFilter(Ljavax/servlet/ServletRequest;Ljavax/servlet/ServletResponse;)V+101
j  org.springframework.web.filter.CharacterEncodingFilter.doFilterInternal(Ljavax/servlet/http/HttpServletRequest;Ljavax/servlet/http/HttpServletResponse;Ljavax/servlet/FilterChain;)V+53
j  org.springframework.web.filter.OncePerRequestFilter.doFilter(Ljavax/servlet/ServletRequest;Ljavax/servlet/ServletResponse;Ljavax/servlet/FilterChain;)V+111
j  org.apache.catalina.core.ApplicationFilterChain.internalDoFilter(Ljavax/servlet/ServletRequest;Ljavax/servlet/ServletResponse;)V+151
j  org.apache.catalina.core.ApplicationFilterChain.doFilter(Ljavax/servlet/ServletRequest;Ljavax/servlet/ServletResponse;)V+101
j  org.apache.catalina.core.StandardWrapperValve.invoke(Lorg/apache/catalina/connector/Request;Lorg/apache/catalina/connector/Response;)V+783
j  org.apache.catalina.core.StandardContextValve.invoke(Lorg/apache/catalina/connector/Request;Lorg/apache/catalina/connector/Response;)V+166
j  org.apache.catalina.authenticator.AuthenticatorBase.invoke(Lorg/apache/catalina/connector/Request;Lorg/apache/catalina/connector/Response;)V+449
j  org.apache.catalina.core.StandardHostValve.invoke(Lorg/apache/catalina/connector/Request;Lorg/apache/catalina/connector/Response;)V+148
j  org.apache.catalina.valves.ErrorReportValve.invoke(Lorg/apache/catalina/connector/Request;Lorg/apache/catalina/connector/Response;)V+6
j  org.apache.catalina.valves.AccessLogValve.invoke(Lorg/apache/catalina/connector/Request;Lorg/apache/catalina/connector/Response;)V+6
j  org.apache.catalina.core.StandardEngineValve.invoke(Lorg/apache/catalina/connector/Request;Lorg/apache/catalina/connector/Response;)V+71
j  org.apache.catalina.connector.CoyoteAdapter.service(Lorg/apache/coyote/Request;Lorg/apache/coyote/Response;)V+196
j  org.apache.coyote.http11.AbstractHttp11Processor.process(Lorg/apache/tomcat/util/net/SocketWrapper;)Lorg/apache/tomcat/util/net/AbstractEndpoint$Handler$SocketState;+640
j  org.apache.coyote.AbstractProtocol$AbstractConnectionHandler.process(Lorg/apache/tomcat/util/net/SocketWrapper;Lorg/apache/tomcat/util/net/SocketStatus;)Lorg/apache/tomcat/util/net/AbstractEndpoint$Handler$SocketState;+206
j  org.apache.tomcat.util.net.JIoEndpoint$SocketProcessor.run()V+130
j  java.util.concurrent.ThreadPoolExecutor.runWorker(Ljava/util/concurrent/ThreadPoolExecutor$Worker;)V+95
j  java.util.concurrent.ThreadPoolExecutor$Worker.run()V+5
j  java.lang.Thread.run()V+11
v  ~StubRoutines::call_stub
V  [libjvm.dylib+0x2f0bea]  JavaCalls::call_helper(JavaValue*, methodHandle*, JavaCallArguments*, Thread*)+0x6ae
V  [libjvm.dylib+0x2f138e]  JavaCalls::call_virtual(JavaValue*, KlassHandle, Symbol*, Symbol*, JavaCallArguments*, Thread*)+0x164
...<more frames>...

Java frames: (J=compiled Java code, j=interpreted, Vv=VM code)
J 107  java.util.zip.ZipFile.getEntry(J[BZ)J (0 bytes) @ 0x0000000110090758 [0x0000000110090700+0x58]
J 8255 C2 java.util.jar.JarFile.getEntry(Ljava/lang/String;)Ljava/util/zip/ZipEntry; (22 bytes) @ 0x000000011026ec90 [0x000000011026e900+0x390]
J 5702 C2 sun.misc.URLClassPath$JarLoader.getResource(Ljava/lang/String;Z)Lsun/misc/Resource; (85 bytes) @ 0x00000001110ed29c [0x00000001110ed120+0x17c]
J 473 C2 sun.misc.URLClassPath.getResource(Ljava/lang/String;Z)Lsun/misc/Resource; (83 bytes) @ 0x00000001101b3428 [0x00000001101b3340+0xe8]
J 9067 C1 java.net.URLClassLoader$1.run()Ljava/lang/Class; (63 bytes) @ 0x00000001116469ac [0x00000001116467a0+0x20c]
J 8920 C1 java.net.URLClassLoader$1.run()Ljava/lang/Object; (5 bytes) @ 0x000000011028be3c [0x000000011028bdc0+0x7c]
v  ~StubRoutines::call_stub
J 182  java.security.AccessController.doPrivileged(Ljava/security/PrivilegedExceptionAction;Ljava/security/AccessControlContext;)Ljava/lang/Object; (0 bytes) @ 0x00000001100be723 [0x00000001100be6c0+0x63]
J 1514 C2 java.net.URLClassLoader.findClass(Ljava/lang/String;)Ljava/lang/Class; (47 bytes) @ 0x0000000110482cfc [0x0000000110482c60+0x9c]
J 6487 C1 org.apache.catalina.loader.WebappClassLoader.findClass(Ljava/lang/String;)Ljava/lang/Class; (678 bytes) @ 0x0000000110c66cdc [0x0000000110c664c0+0x81c]
J 9131 C1 org.apache.catalina.loader.WebappClassLoader.loadClass(Ljava/lang/String;Z)Ljava/lang/Class; (617 bytes) @ 0x00000001116945ec [0x0000000111690ba0+0x3a4c]
J 9129 C1 org.apache.catalina.loader.WebappClassLoader.loadClass(Ljava/lang/String;)Ljava/lang/Class; (7 bytes) @ 0x00000001109a6354 [0x00000001109a62c0+0x94]
v  ~StubRoutines::call_stub
j  com.mytao.service.impl.PictureServiceImpl.uploadPicture(Lorg/springframework/web/multipart/MultipartFile;)Ljava/util/Map;+15
v  ~StubRoutines::call_stub
J 5582  sun.reflect.NativeMethodAccessorImpl.invoke0(Ljava/lang/reflect/Method;Ljava/lang/Object;[Ljava/lang/Object;)Ljava/lang/Object; (0 bytes) @ 0x0000000111022d37 [0x0000000111022cc0+0x77]
J 5581 C1 sun.reflect.NativeMethodAccessorImpl.invoke(Ljava/lang/Object;[Ljava/lang/Object;)Ljava/lang/Object; (104 bytes) @ 0x0000000111034114 [0x0000000111032f40+0x11d4]
J 5736 C2 java.lang.reflect.Method.invoke(Ljava/lang/Object;[Ljava/lang/Object;)Ljava/lang/Object; (62 bytes) @ 0x00000001110fc4e8 [0x00000001110fc440+0xa8]
j  org.springframework.aop.support.AopUtils.invokeJoinpointUsingReflection(Ljava/lang/Object;Ljava/lang/reflect/Method;[Ljava/lang/Object;)Ljava/lang/Object;+7
j  org.springframework.aop.framework.ReflectiveMethodInvocation.invokeJoinpoint()Ljava/lang/Object;+12
j  org.springframework.aop.framework.ReflectiveMethodInvocation.proceed()Ljava/lang/Object;+19
j  org.springframework.transaction.interceptor.TransactionInterceptor$1.proceedWithInvocation()Ljava/lang/Object;+4
j  org.springframework.transaction.interceptor.TransactionAspectSupport.invokeWithinTransaction(Ljava/lang/reflect/Method;Ljava/lang/Class;Lorg/springframework/transaction/interceptor/TransactionAspectSupport$InvocationCallback;)Ljava/lang/Object;+58
j  org.springframework.transaction.interceptor.TransactionInterceptor.invoke(Lorg/aopalliance/intercept/MethodInvocation;)Ljava/lang/Object;+40
j  org.springframework.aop.framework.ReflectiveMethodInvocation.proceed()Ljava/lang/Object;+101
j  org.springframework.aop.interceptor.ExposeInvocationInterceptor.invoke(Lorg/aopalliance/intercept/MethodInvocation;)Ljava/lang/Object;+18
j  org.springframework.aop.framework.ReflectiveMethodInvocation.proceed()Ljava/lang/Object;+101
j  org.springframework.aop.framework.JdkDynamicAopProxy.invoke(Ljava/lang/Object;Ljava/lang/reflect/Method;[Ljava/lang/Object;)Ljava/lang/Object;+321
j  com.sun.proxy.$Proxy39.uploadPicture(Lorg/springframework/web/multipart/MultipartFile;)Ljava/util/Map;+16
j  com.mytao.controller.PictureController.pictureUpload(Lorg/springframework/web/multipart/MultipartFile;)Ljava/lang/String;+5
v  ~StubRoutines::call_stub
J 5582  sun.reflect.NativeMethodAccessorImpl.invoke0(Ljava/lang/reflect/Method;Ljava/lang/Object;[Ljava/lang/Object;)Ljava/lang/Object; (0 bytes) @ 0x0000000111022d37 [0x0000000111022cc0+0x77]
J 5581 C1 sun.reflect.NativeMethodAccessorImpl.invoke(Ljava/lang/Object;[Ljava/lang/Object;)Ljava/lang/Object; (104 bytes) @ 0x0000000111034114 [0x0000000111032f40+0x11d4]
J 5736 C2 java.lang.reflect.Method.invoke(Ljava/lang/Object;[Ljava/lang/Object;)Ljava/lang/Object; (62 bytes) @ 0x00000001110fc4e8 [0x00000001110fc440+0xa8]
j  org.springframework.web.method.support.InvocableHandlerMethod.doInvoke([Ljava/lang/Object;)Ljava/lang/Object;+16
j  org.springframework.web.method.support.InvocableHandlerMethod.invokeForRequest(Lorg/springframework/web/context/request/NativeWebRequest;Lorg/springframework/web/method/support/ModelAndViewContainer;[Ljava/lang/Object;)Ljava/lang/Object;+96
j  org.springframework.web.servlet.mvc.method.annotation.ServletInvocableHandlerMethod.invokeAndHandle(Lorg/springframework/web/context/request/ServletWebRequest;Lorg/springframework/web/method/support/ModelAndViewContainer;[Ljava/lang/Object;)V+4
j  org.springframework.web.servlet.mvc.method.annotation.RequestMappingHandlerAdapter.invokeHandleMethod(Ljavax/servlet/http/HttpServletRequest;Ljavax/servlet/http/HttpServletResponse;Lorg/springframework/web/method/HandlerMethod;)Lorg/springframework/web/servlet/ModelAndView;+230
j  org.springframework.web.servlet.mvc.method.annotation.RequestMappingHandlerAdapter.handleInternal(Ljavax/servlet/http/HttpServletRequest;Ljavax/servlet/http/HttpServletResponse;Lorg/springframework/web/method/HandlerMethod;)Lorg/springframework/web/servlet/ModelAndView;+89
j  org.springframework.web.servlet.mvc.method.AbstractHandlerMethodAdapter.handle(Ljavax/servlet/http/HttpServletRequest;Ljavax/servlet/http/HttpServletResponse;Ljava/lang/Object;)Lorg/springframework/web/servlet/ModelAndView;+7
j  org.springframework.web.servlet.DispatcherServlet.doDispatch(Ljavax/servlet/http/HttpServletRequest;Ljavax/servlet/http/HttpServletResponse;)V+318
j  org.springframework.web.servlet.DispatcherServlet.doService(Ljavax/servlet/http/HttpServletRequest;Ljavax/servlet/http/HttpServletResponse;)V+301
j  org.springframework.web.servlet.FrameworkServlet.processRequest(Ljavax/servlet/http/HttpServletRequest;Ljavax/servlet/http/HttpServletResponse;)V+71
j  org.springframework.web.servlet.FrameworkServlet.doPost(Ljavax/servlet/http/HttpServletRequest;Ljavax/servlet/http/HttpServletResponse;)V+3
j  javax.servlet.http.HttpServlet.service(Ljavax/servlet/http/HttpServletRequest;Ljavax/servlet/http/HttpServletResponse;)V+149
j  org.springframework.web.servlet.FrameworkServlet.service(Ljavax/servlet/http/HttpServletRequest;Ljavax/servlet/http/HttpServletResponse;)V+32
j  javax.servlet.http.HttpServlet.service(Ljavax/servlet/ServletRequest;Ljavax/servlet/ServletResponse;)V+30
j  org.apache.catalina.core.ApplicationFilterChain.internalDoFilter(Ljavax/servlet/ServletRequest;Ljavax/servlet/ServletResponse;)V+446
j  org.apache.catalina.core.ApplicationFilterChain.doFilter(Ljavax/servlet/ServletRequest;Ljavax/servlet/ServletResponse;)V+101
j  org.apache.tomcat.websocket.server.WsFilter.doFilter(Ljavax/servlet/ServletRequest;Ljavax/servlet/ServletResponse;Ljavax/servlet/FilterChain;)V+11
j  org.apache.catalina.core.ApplicationFilterChain.internalDoFilter(Ljavax/servlet/ServletRequest;Ljavax/servlet/ServletResponse;)V+151
j  org.apache.catalina.core.ApplicationFilterChain.doFilter(Ljavax/servlet/ServletRequest;Ljavax/servlet/ServletResponse;)V+101
j  org.springframework.web.filter.CharacterEncodingFilter.doFilterInternal(Ljavax/servlet/http/HttpServletRequest;Ljavax/servlet/http/HttpServletResponse;Ljavax/servlet/FilterChain;)V+53
j  org.springframework.web.filter.OncePerRequestFilter.doFilter(Ljavax/servlet/ServletRequest;Ljavax/servlet/ServletResponse;Ljavax/servlet/FilterChain;)V+111
j  org.apache.catalina.core.ApplicationFilterChain.internalDoFilter(Ljavax/servlet/ServletRequest;Ljavax/servlet/ServletResponse;)V+151
j  org.apache.catalina.core.ApplicationFilterChain.doFilter(Ljavax/servlet/ServletRequest;Ljavax/servlet/ServletResponse;)V+101
j  org.apache.catalina.core.StandardWrapperValve.invoke(Lorg/apache/catalina/connector/Request;Lorg/apache/catalina/connector/Response;)V+783
j  org.apache.catalina.core.StandardContextValve.invoke(Lorg/apache/catalina/connector/Request;Lorg/apache/catalina/connector/Response;)V+166
j  org.apache.catalina.authenticator.AuthenticatorBase.invoke(Lorg/apache/catalina/connector/Request;Lorg/apache/catalina/connector/Response;)V+449
j  org.apache.catalina.core.StandardHostValve.invoke(Lorg/apache/catalina/connector/Request;Lorg/apache/catalina/connector/Response;)V+148
j  org.apache.catalina.valves.ErrorReportValve.invoke(Lorg/apache/catalina/connector/Request;Lorg/apache/catalina/connector/Response;)V+6
j  org.apache.catalina.valves.AccessLogValve.invoke(Lorg/apache/catalina/connector/Request;Lorg/apache/catalina/connector/Response;)V+6
j  org.apache.catalina.core.StandardEngineValve.invoke(Lorg/apache/catalina/connector/Request;Lorg/apache/catalina/connector/Response;)V+71
j  org.apache.catalina.connector.CoyoteAdapter.service(Lorg/apache/coyote/Request;Lorg/apache/coyote/Response;)V+196
j  org.apache.coyote.http11.AbstractHttp11Processor.process(Lorg/apache/tomcat/util/net/SocketWrapper;)Lorg/apache/tomcat/util/net/AbstractEndpoint$Handler$SocketState;+640
j  org.apache.coyote.AbstractProtocol$AbstractConnectionHandler.process(Lorg/apache/tomcat/util/net/SocketWrapper;Lorg/apache/tomcat/util/net/SocketStatus;)Lorg/apache/tomcat/util/net/AbstractEndpoint$Handler$SocketState;+206
j  org.apache.tomcat.util.net.JIoEndpoint$SocketProcessor.run()V+130
j  java.util.concurrent.ThreadPoolExecutor.runWorker(Ljava/util/concurrent/ThreadPoolExecutor$Worker;)V+95
j  java.util.concurrent.ThreadPoolExecutor$Worker.run()V+5
j  java.lang.Thread.run()V+11
v  ~StubRoutines::call_stub

---------------  P R O C E S S  ---------------

Java Threads: ( => current thread )
  0x00007f9e53052000 JavaThread "Druid-ConnectionPool-Destroy-95231254" daemon [_thread_blocked, id=39427, stack(0x0000700008097000,0x0000700008197000)]
  0x00007f9e4bfd0000 JavaThread "Druid-ConnectionPool-Create-95231254" daemon [_thread_blocked, id=25347, stack(0x0000700007f94000,0x0000700008094000)]
  0x00007f9e4d4a2800 JavaThread "mysql-cj-abandoned-connection-cleanup" daemon [_thread_blocked, id=39939, stack(0x0000700007e91000,0x0000700007f91000)]
  0x00007f9e53838000 JavaThread "http-bio-8080-exec-10" daemon [_thread_in_native, id=24835, stack(0x0000700007d8e000,0x0000700007e8e000)]
  0x00007f9e529ed800 JavaThread "http-bio-8080-exec-9" daemon [_thread_in_native, id=24579, stack(0x0000700007c8b000,0x0000700007d8b000)]
  0x00007f9e54034800 JavaThread "http-bio-8080-exec-8" daemon [_thread_in_native, id=24067, stack(0x0000700007b88000,0x0000700007c88000)]
  0x00007f9e53837000 JavaThread "http-bio-8080-exec-7" daemon [_thread_in_native, id=23555, stack(0x0000700007a85000,0x0000700007b85000)]
  0x00007f9e4d10b000 JavaThread "http-bio-8080-exec-6" daemon [_thread_blocked, id=40707, stack(0x0000700007982000,0x0000700007a82000)]
  0x00007f9e5314a800 JavaThread "http-bio-8080-exec-5" daemon [_thread_in_native, id=41219, stack(0x000070000787f000,0x000070000797f000)]
  0x00007f9e4bf66000 JavaThread "http-bio-8080-exec-4" daemon [_thread_blocked, id=41731, stack(0x000070000777c000,0x000070000787c000)]
=>0x00007f9e4d88c800 JavaThread "http-bio-8080-exec-3" daemon [_thread_in_native, id=41987, stack(0x0000700007679000,0x0000700007779000)]
  0x00007f9e548ef800 JavaThread "http-bio-8080-exec-2" daemon [_thread_blocked, id=22023, stack(0x000070000716a000,0x000070000726a000)]
  0x00007f9e4df59000 JavaThread "http-bio-8080-exec-1" daemon [_thread_blocked, id=19471, stack(0x0000700007067000,0x0000700007167000)]
  0x00007f9e4c6b2800 JavaThread "http-bio-8080-AsyncTimeout" daemon [_thread_blocked, id=23043, stack(0x0000700007576000,0x0000700007676000)]
  0x00007f9e4c79b000 JavaThread "http-bio-8080-Acceptor-0" daemon [_thread_in_native, id=22531, stack(0x0000700007473000,0x0000700007573000)]
  0x00007f9e52dd2800 JavaThread "ContainerBackgroundProcessor[StandardEngine[Tomcat]]" daemon [_thread_blocked, id=22275, stack(0x0000700007370000,0x0000700007470000)]
  0x00007f9e4e081000 JavaThread "Thread-3" daemon [_thread_in_native, id=43011, stack(0x000070000726d000,0x000070000736d000)]
  0x00007f9e4b80d800 JavaThread "Service Thread" daemon [_thread_blocked, id=16899, stack(0x0000700006e61000,0x0000700006f61000)]
  0x00007f9e4c022800 JavaThread "C1 CompilerThread3" daemon [_thread_blocked, id=17411, stack(0x0000700006d5e000,0x0000700006e5e000)]
  0x00007f9e4b80c800 JavaThread "C2 CompilerThread2" daemon [_thread_blocked, id=17923, stack(0x0000700006c5b000,0x0000700006d5b000)]
  0x00007f9e4d019000 JavaThread "C2 CompilerThread1" daemon [_thread_blocked, id=15619, stack(0x0000700006b58000,0x0000700006c58000)]
  0x00007f9e4e82c000 JavaThread "C2 CompilerThread0" daemon [_thread_in_native, id=15107, stack(0x0000700006a55000,0x0000700006b55000)]
  0x00007f9e4e82b800 JavaThread "Signal Dispatcher" daemon [_thread_blocked, id=18435, stack(0x0000700006952000,0x0000700006a52000)]
  0x00007f9e4d009800 JavaThread "Finalizer" daemon [_thread_blocked, id=19971, stack(0x0000700006749000,0x0000700006849000)]
  0x00007f9e4c01c800 JavaThread "Reference Handler" daemon [_thread_blocked, id=20227, stack(0x0000700006646000,0x0000700006746000)]
  0x00007f9e4d000800 JavaThread "main" [_thread_blocked, id=3587, stack(0x0000700005c28000,0x0000700005d28000)]

Other Threads:
  0x00007f9e4b004800 VMThread [stack: 0x0000700006543000,0x0000700006643000] [id=20739]
  0x00007f9e4d813800 WatcherThread [stack: 0x0000700006f64000,0x0000700007064000] [id=16387]

VM state:not at safepoint (normal execution)

VM Mutex/Monitor currently owned by a thread: None

heap address: 0x0000000740000000, size: 2048 MB, Compressed Oops mode: Zero based, Oop shift amount: 3
Narrow klass base: 0x0000000000000000, Narrow klass shift: 3
Compressed class space size: 1073741824 Address: 0x00000007c0000000

Heap:
 PSYoungGen      total 307200K, used 162921K [0x0000000795580000, 0x00000007afb00000, 0x00000007c0000000)
  eden space 271872K, 59% used [0x0000000795580000,0x000000079f49a438,0x00000007a5f00000)
  from space 35328K, 0% used [0x00000007a8000000,0x00000007a8000000,0x00000007aa280000)
  to   space 33792K, 0% used [0x00000007a5f00000,0x00000007a5f00000,0x00000007a8000000)
 ParOldGen       total 120320K, used 41359K [0x0000000740000000, 0x0000000747580000, 0x0000000795580000)
  object space 120320K, 34% used [0x0000000740000000,0x0000000742863fe0,0x0000000747580000)
 Metaspace       used 63807K, capacity 64724K, committed 64984K, reserved 1107968K
  class space    used 7109K, capacity 7368K, committed 7424K, reserved 1048576K

Card table byte_map: [0x000000010e7c0000,0x000000010ebc1000] byte_map_base: 0x000000010adc0000

Marking Bits: (ParMarkBitMap*) 0x000000010f892e40
 Begin Bits: [0x000000011ef50000, 0x0000000120f50000)
 End Bits:   [0x0000000120f50000, 0x0000000122f50000)

Polling page: 0x000000010d28a000

CodeCache: size=245760Kb used=25859Kb max_used=25871Kb free=219901Kb
 bounds [0x000000010ff50000, 0x00000001118c0000, 0x000000011ef50000]
 total_blobs=8533 nmethods=7958 adapters=487
 compilation: enabled

Compilation events (10 events):
Event: 26352.772 Thread 0x00007f9e4c022800 9904       3       org.apache.catalina.connector.Response::isCommitted (8 bytes)
Event: 26352.773 Thread 0x00007f9e4c022800 nmethod 9904 0x00000001116bbdd0 code [0x00000001116bbf40, 0x00000001116bc130]
Event: 26352.796 Thread 0x00007f9e4b80c800 nmethod 9903 0x00000001118b0290 code [0x00000001118b04a0, 0x00000001118b1810]
Event: 26354.409 Thread 0x00007f9e4e82c000 9905       4       java.net.URLStreamHandler::parseURL (1193 bytes)
Event: 26354.417 Thread 0x00007f9e4c022800 9906       3       org.apache.commons.fileupload.ParameterParser::hasChar (17 bytes)
Event: 26354.417 Thread 0x00007f9e4c022800 nmethod 9906 0x00000001111bb950 code [0x00000001111bbac0, 0x00000001111bbc70]
Event: 26354.418 Thread 0x00007f9e4c022800 9907       3       org.apache.commons.fileupload.MultipartStream::findByte (30 bytes)
Event: 26354.419 Thread 0x00007f9e4c022800 nmethod 9907 0x00000001111bb450 code [0x00000001111bb5c0, 0x00000001111bb830]
Event: 26354.422 Thread 0x00007f9e4c022800 9908       3       org.springframework.core.annotation.AnnotationUtils::getAnnotation (11 bytes)
Event: 26354.422 Thread 0x00007f9e4c022800 nmethod 9908 0x00000001118aded0 code [0x00000001118ae040, 0x00000001118ae1d8]

GC Heap History (10 events):
Event: 22.760 GC heap before
{Heap before GC invocations=15 (full 2):
 PSYoungGen      total 205312K, used 26110K [0x0000000795580000, 0x00000007a8f00000, 0x00000007c0000000)
  eden space 179200K, 0% used [0x0000000795580000,0x0000000795580000,0x00000007a0480000)
  from space 26112K, 99% used [0x00000007a0480000,0x00000007a1dffb10,0x00000007a1e00000)
  to   space 31744K, 0% used [0x00000007a7000000,0x00000007a7000000,0x00000007a8f00000)
 ParOldGen       total 55296K, used 48663K [0x0000000740000000, 0x0000000743600000, 0x0000000795580000)
  object space 55296K, 88% used [0x0000000740000000,0x0000000742f85e30,0x0000000743600000)
 Metaspace       used 30159K, capacity 30748K, committed 30848K, reserved 1077248K
  class space    used 3449K, capacity 3620K, committed 3712K, reserved 1048576K
Event: 23.248 GC heap after
Heap after GC invocations=15 (full 2):
 PSYoungGen      total 205312K, used 2892K [0x0000000795580000, 0x00000007a8f00000, 0x00000007c0000000)
  eden space 179200K, 0% used [0x0000000795580000,0x0000000795580000,0x00000007a0480000)
  from space 26112K, 11% used [0x00000007a0480000,0x00000007a07533a8,0x00000007a1e00000)
  to   space 31744K, 0% used [0x00000007a7000000,0x00000007a7000000,0x00000007a8f00000)
 ParOldGen       total 128512K, used 55143K [0x0000000740000000, 0x0000000747d80000, 0x0000000795580000)
  object space 128512K, 42% used [0x0000000740000000,0x00000007435d9d48,0x0000000747d80000)
 Metaspace       used 30159K, capacity 30748K, committed 30848K, reserved 1077248K
  class space    used 3449K, capacity 3620K, committed 3712K, reserved 1048576K
}
Event: 28.442 GC heap before
{Heap before GC invocations=16 (full 2):
 PSYoungGen      total 205312K, used 182092K [0x0000000795580000, 0x00000007a8f00000, 0x00000007c0000000)
  eden space 179200K, 100% used [0x0000000795580000,0x00000007a0480000,0x00000007a0480000)
  from space 26112K, 11% used [0x00000007a0480000,0x00000007a07533a8,0x00000007a1e00000)
  to   space 31744K, 0% used [0x00000007a7000000,0x00000007a7000000,0x00000007a8f00000)
 ParOldGen       total 128512K, used 55143K [0x0000000740000000, 0x0000000747d80000, 0x0000000795580000)
  object space 128512K, 42% used [0x0000000740000000,0x00000007435d9d48,0x0000000747d80000)
 Metaspace       used 39366K, capacity 40126K, committed 40448K, reserved 1085440K
  class space    used 4560K, capacity 4759K, committed 4864K, reserved 1048576K
Event: 28.465 GC heap after
Heap after GC invocations=16 (full 2):
 PSYoungGen      total 246784K, used 22972K [0x0000000795580000, 0x00000007a8680000, 0x00000007c0000000)
  eden space 223744K, 0% used [0x0000000795580000,0x0000000795580000,0x00000007a3000000)
  from space 23040K, 99% used [0x00000007a7000000,0x00000007a866f168,0x00000007a8680000)
  to   space 33280K, 0% used [0x00000007a4580000,0x00000007a4580000,0x00000007a6600000)
 ParOldGen       total 128512K, used 56968K [0x0000000740000000, 0x0000000747d80000, 0x0000000795580000)
  object space 128512K, 44% used [0x0000000740000000,0x00000007437a2050,0x0000000747d80000)
 Metaspace       used 39366K, capacity 40126K, committed 40448K, reserved 1085440K
  class space    used 4560K, capacity 4759K, committed 4864K, reserved 1048576K
}
Event: 397.400 GC heap before
{Heap before GC invocations=17 (full 2):
 PSYoungGen      total 246784K, used 246716K [0x0000000795580000, 0x00000007a8680000, 0x00000007c0000000)
  eden space 223744K, 100% used [0x0000000795580000,0x00000007a3000000,0x00000007a3000000)
  from space 23040K, 99% used [0x00000007a7000000,0x00000007a866f168,0x00000007a8680000)
  to   space 33280K, 0% used [0x00000007a4580000,0x00000007a4580000,0x00000007a6600000)
 ParOldGen       total 128512K, used 56968K [0x0000000740000000, 0x0000000747d80000, 0x0000000795580000)
  object space 128512K, 44% used [0x0000000740000000,0x00000007437a2050,0x0000000747d80000)
 Metaspace       used 50109K, capacity 50950K, committed 51200K, reserved 1093632K
  class space    used 5853K, capacity 6095K, committed 6144K, reserved 1048576K
Event: 397.467 GC heap after
Heap after GC invocations=17 (full 2):
 PSYoungGen      total 279040K, used 25084K [0x0000000795580000, 0x00000007aa280000, 0x00000007c0000000)
  eden space 245760K, 0% used [0x0000000795580000,0x0000000795580000,0x00000007a4580000)
  from space 33280K, 75% used [0x00000007a4580000,0x00000007a5dff160,0x00000007a6600000)
  to   space 35328K, 0% used [0x00000007a8000000,0x00000007a8000000,0x00000007aa280000)
 ParOldGen       total 128512K, used 56984K [0x0000000740000000, 0x0000000747d80000, 0x0000000795580000)
  object space 128512K, 44% used [0x0000000740000000,0x00000007437a6050,0x0000000747d80000)
 Metaspace       used 50109K, capacity 50950K, committed 51200K, reserved 1093632K
  class space    used 5853K, capacity 6095K, committed 6144K, reserved 1048576K
}
Event: 397.507 GC heap before
{Heap before GC invocations=18 (full 2):
 PSYoungGen      total 279040K, used 28751K [0x0000000795580000, 0x00000007aa280000, 0x00000007c0000000)
  eden space 245760K, 1% used [0x0000000795580000,0x0000000795914c08,0x00000007a4580000)
  from space 33280K, 75% used [0x00000007a4580000,0x00000007a5dff160,0x00000007a6600000)
  to   space 35328K, 0% used [0x00000007a8000000,0x00000007a8000000,0x00000007aa280000)
 ParOldGen       total 128512K, used 56984K [0x0000000740000000, 0x0000000747d80000, 0x0000000795580000)
  object space 128512K, 44% used [0x0000000740000000,0x00000007437a6050,0x0000000747d80000)
 Metaspace       used 50465K, capacity 51238K, committed 51416K, reserved 1095680K
  class space    used 5890K, capacity 6127K, committed 6144K, reserved 1048576K
Event: 397.523 GC heap after
Heap after GC invocations=18 (full 2):
 PSYoungGen      total 307200K, used 17621K [0x0000000795580000, 0x00000007afb00000, 0x00000007c0000000)
  eden space 271872K, 0% used [0x0000000795580000,0x0000000795580000,0x00000007a5f00000)
  from space 35328K, 49% used [0x00000007a8000000,0x00000007a91356b0,0x00000007aa280000)
  to   space 33792K, 0% used [0x00000007a5f00000,0x00000007a5f00000,0x00000007a8000000)
 ParOldGen       total 128512K, used 56992K [0x0000000740000000, 0x0000000747d80000, 0x0000000795580000)
  object space 128512K, 44% used [0x0000000740000000,0x00000007437a8050,0x0000000747d80000)
 Metaspace       used 50465K, capacity 51238K, committed 51416K, reserved 1095680K
  class space    used 5890K, capacity 6127K, committed 6144K, reserved 1048576K
}
Event: 397.523 GC heap before
{Heap before GC invocations=19 (full 3):
 PSYoungGen      total 307200K, used 17621K [0x0000000795580000, 0x00000007afb00000, 0x00000007c0000000)
  eden space 271872K, 0% used [0x0000000795580000,0x0000000795580000,0x00000007a5f00000)
  from space 35328K, 49% used [0x00000007a8000000,0x00000007a91356b0,0x00000007aa280000)
  to   space 33792K, 0% used [0x00000007a5f00000,0x00000007a5f00000,0x00000007a8000000)
 ParOldGen       total 128512K, used 56992K [0x0000000740000000, 0x0000000747d80000, 0x0000000795580000)
  object space 128512K, 44% used [0x0000000740000000,0x00000007437a8050,0x0000000747d80000)
 Metaspace       used 50465K, capacity 51238K, committed 51416K, reserved 1095680K
  class space    used 5890K, capacity 6127K, committed 6144K, reserved 1048576K
Event: 397.734 GC heap after
Heap after GC invocations=19 (full 3):
 PSYoungGen      total 307200K, used 0K [0x0000000795580000, 0x00000007afb00000, 0x00000007c0000000)
  eden space 271872K, 0% used [0x0000000795580000,0x0000000795580000,0x00000007a5f00000)
  from space 35328K, 0% used [0x00000007a8000000,0x00000007a8000000,0x00000007aa280000)
  to   space 33792K, 0% used [0x00000007a5f00000,0x00000007a5f00000,0x00000007a8000000)
 ParOldGen       total 120320K, used 41359K [0x0000000740000000, 0x0000000747580000, 0x0000000795580000)
  object space 120320K, 34% used [0x0000000740000000,0x0000000742863fe0,0x0000000747580000)
 Metaspace       used 50465K, capacity 51238K, committed 51416K, reserved 1095680K
  class space    used 5890K, capacity 6127K, committed 6144K, reserved 1048576K
}

Deoptimization events (10 events):
Event: 26336.174 Thread 0x00007f9e529ed800 Uncommon trap: reason=bimorphic action=maybe_recompile pc=0x000000011178a340 method=java.util.regex.Matcher.search(I)Z @ 86
Event: 26336.174 Thread 0x00007f9e53837000 Uncommon trap: reason=bimorphic action=maybe_recompile pc=0x000000011178a340 method=java.util.regex.Matcher.search(I)Z @ 86
Event: 26336.200 Thread 0x00007f9e4bfd0000 Uncommon trap: reason=predicate action=maybe_recompile pc=0x0000000111881800 method=java.util.regex.Pattern$SliceI.match(Ljava/util/regex/Matcher;ILjava/lang/CharSequence;)Z @ 21
Event: 26338.117 Thread 0x00007f9e4df59000 Uncommon trap: reason=speculate_class_check action=maybe_recompile pc=0x00000001117ea1b8 method=java.nio.charset.CharsetDecoder.reset()Ljava/nio/charset/CharsetDecoder; @ 1
Event: 26338.118 Thread 0x00007f9e4df59000 Uncommon trap: reason=speculate_class_check action=maybe_recompile pc=0x00000001117ea1b8 method=java.nio.charset.CharsetDecoder.reset()Ljava/nio/charset/CharsetDecoder; @ 1
Event: 26354.422 Thread 0x00007f9e4d88c800 Uncommon trap: reason=class_check action=maybe_recompile pc=0x00000001118af014 method=org.springframework.web.util.UrlPathHelper.determineEncoding(Ljavax/servlet/http/HttpServletRequest;)Ljava/lang/String; @ 1
Event: 26354.422 Thread 0x00007f9e4d88c800 Uncommon trap: reason=class_check action=maybe_recompile pc=0x00000001118af014 method=org.springframework.web.util.UrlPathHelper.determineEncoding(Ljavax/servlet/http/HttpServletRequest;)Ljava/lang/String; @ 1
Event: 26354.422 Thread 0x00007f9e4d88c800 Uncommon trap: reason=class_check action=maybe_recompile pc=0x00000001118af014 method=org.springframework.web.util.UrlPathHelper.determineEncoding(Ljavax/servlet/http/HttpServletRequest;)Ljava/lang/String; @ 1
Event: 26354.422 Thread 0x00007f9e4d88c800 Uncommon trap: reason=class_check action=maybe_recompile pc=0x00000001118af014 method=org.springframework.web.util.UrlPathHelper.determineEncoding(Ljavax/servlet/http/HttpServletRequest;)Ljava/lang/String; @ 1
Event: 26354.423 Thread 0x00007f9e4d88c800 Uncommon trap: reason=class_check action=maybe_recompile pc=0x0000000110145e3c method=java.lang.String.equals(Ljava/lang/Object;)Z @ 8

Classes redefined (0 events):
No events

Internal exceptions (10 events):
Event: 26336.126 Thread 0x00007f9e53837000 Exception <a 'java/lang/ClassNotFoundException': com/mytao/pojo/TbContentCategoryExample$GeneratedCriteriaCustomizer> (0x000000079d8f4ef8) thrown at [/Users/java_re/workspace/8-2-build-macosx-x86_64/jdk8u201/12322/hotspot/src/share/vm/classfile/systemDict
Event: 26336.137 Thread 0x00007f9e53837000 Exception <a 'java/lang/ClassNotFoundException': com/mytao/pojo/TbContentCategoryExample$CriteriaCustomizer> (0x000000079d9b33e8) thrown at [/Users/java_re/workspace/8-2-build-macosx-x86_64/jdk8u201/12322/hotspot/src/share/vm/classfile/systemDictionary.cp
Event: 26336.142 Thread 0x00007f9e53837000 Exception <a 'java/lang/ClassNotFoundException': com/mytao/pojo/TbContentCategoryExample$CriterionBeanInfo> (0x000000079da7a308) thrown at [/Users/java_re/workspace/8-2-build-macosx-x86_64/jdk8u201/12322/hotspot/src/share/vm/classfile/systemDictionary.cpp
Event: 26336.145 Thread 0x00007f9e53837000 Exception <a 'java/lang/ClassNotFoundException': com/mytao/pojo/TbContentCategoryExample$CriterionCustomizer> (0x000000079daa9728) thrown at [/Users/java_re/workspace/8-2-build-macosx-x86_64/jdk8u201/12322/hotspot/src/share/vm/classfile/systemDictionary.c
Event: 26336.147 Thread 0x00007f9e529ed800 Exception <a 'java/lang/ClassNotFoundException': com/mytao/pojo/TbContentExample$CriteriaBeanInfo> (0x000000079850b3a8) thrown at [/Users/java_re/workspace/8-2-build-macosx-x86_64/jdk8u201/12322/hotspot/src/share/vm/classfile/systemDictionary.cpp, line 21
Event: 26336.150 Thread 0x00007f9e529ed800 Exception <a 'java/lang/ClassNotFoundException': com/mytao/pojo/TbContentExample$GeneratedCriteriaBeanInfo> (0x000000079dc067b8) thrown at [/Users/java_re/workspace/8-2-build-macosx-x86_64/jdk8u201/12322/hotspot/src/share/vm/classfile/systemDictionary.cpp
Event: 26336.153 Thread 0x00007f9e529ed800 Exception <a 'java/lang/ClassNotFoundException': com/mytao/pojo/TbContentExample$GeneratedCriteriaCustomizer> (0x000000079dc35250) thrown at [/Users/java_re/workspace/8-2-build-macosx-x86_64/jdk8u201/12322/hotspot/src/share/vm/classfile/systemDictionary.c
Event: 26336.161 Thread 0x00007f9e529ed800 Exception <a 'java/lang/ClassNotFoundException': com/mytao/pojo/TbContentExample$CriteriaCustomizer> (0x000000079dd18338) thrown at [/Users/java_re/workspace/8-2-build-macosx-x86_64/jdk8u201/12322/hotspot/src/share/vm/classfile/systemDictionary.cpp, line 
Event: 26336.172 Thread 0x00007f9e529ed800 Exception <a 'java/lang/ClassNotFoundException': com/mytao/pojo/TbContentExample$CriterionBeanInfo> (0x000000079decf640) thrown at [/Users/java_re/workspace/8-2-build-macosx-x86_64/jdk8u201/12322/hotspot/src/share/vm/classfile/systemDictionary.cpp, line 2
Event: 26336.173 Thread 0x00007f9e529ed800 Exception <a 'java/lang/ClassNotFoundException': com/mytao/pojo/TbContentExample$CriterionCustomizer> (0x000000079defbe40) thrown at [/Users/java_re/workspace/8-2-build-macosx-x86_64/jdk8u201/12322/hotspot/src/share/vm/classfile/systemDictionary.cpp, line

Events (10 events):
Event: 26354.422 Thread 0x00007f9e4d88c800 DEOPT PACKING pc=0x00000001118af014 sp=0x0000700007777590
Event: 26354.422 Thread 0x00007f9e4d88c800 DEOPT UNPACKING pc=0x000000010ff9573a sp=0x0000700007777528 mode 2
Event: 26354.422 Thread 0x00007f9e4d88c800 Uncommon trap: trap_request=0xffffffde fr.pc=0x00000001118af014
Event: 26354.422 Thread 0x00007f9e4d88c800 DEOPT PACKING pc=0x00000001118af014 sp=0x0000700007777600
Event: 26354.422 Thread 0x00007f9e4d88c800 DEOPT UNPACKING pc=0x000000010ff9573a sp=0x0000700007777598 mode 2
Event: 26354.423 Thread 0x00007f9e4d88c800 Uncommon trap: trap_request=0xffffffde fr.pc=0x0000000110145e3c
Event: 26354.423 Thread 0x00007f9e4d88c800 DEOPT PACKING pc=0x0000000110145e3c sp=0x00007000077774b0
Event: 26354.423 Thread 0x00007f9e4d88c800 DEOPT UNPACKING pc=0x000000010ff9573a sp=0x0000700007777460 mode 2
Event: 26354.423 loading class com/mytao/common/utils/IDUtils
Event: 26354.423 loading class com/mytao/common/utils/IDUtils done


Dynamic libraries:
0x00007fff2dd61000 	/System/Library/Frameworks/Cocoa.framework/Versions/A/Cocoa
0x00007fff3b315000 	/System/Library/Frameworks/Security.framework/Versions/A/Security
0x00007fff2cd01000 	/System/Library/Frameworks/ApplicationServices.framework/Versions/A/ApplicationServices
0x00007fff65541000 	/usr/lib/libz.1.dylib
0x00007fff63029000 	/usr/lib/libSystem.B.dylib
0x00007fff64e69000 	/usr/lib/libobjc.A.dylib
0x00007fff2ecca000 	/System/Library/Frameworks/CoreFoundation.framework/Versions/A/CoreFoundation
0x00007fff3138d000 	/System/Library/Frameworks/Foundation.framework/Versions/C/Foundation
0x00007fff2bef9000 	/System/Library/Frameworks/AppKit.framework/Versions/C/AppKit
0x00007fff2e7de000 	/System/Library/Frameworks/CoreData.framework/Versions/A/CoreData
0x00007fff5f8d4000 	/System/Library/PrivateFrameworks/UIFoundation.framework/Versions/A/UIFoundation
0x00007fff5a105000 	/System/Library/PrivateFrameworks/RemoteViewServices.framework/Versions/A/RemoteViewServices
0x00007fff62357000 	/System/Library/PrivateFrameworks/XCTTargetBootstrap.framework/Versions/A/XCTTargetBootstrap
0x00007fff2ebbd000 	/System/Library/Frameworks/CoreDisplay.framework/Versions/A/CoreDisplay
0x00007fff34100000 	/System/Library/Frameworks/Metal.framework/Versions/A/Metal
0x00007fff48611000 	/System/Library/PrivateFrameworks/DesktopServicesPriv.framework/Versions/A/DesktopServicesPriv
0x00007fff64154000 	/usr/lib/liblangid.dylib
0x00007fff47768000 	/System/Library/PrivateFrameworks/CoreSVG.framework/Versions/A/CoreSVG
0x00007fff5ce85000 	/System/Library/PrivateFrameworks/SkyLight.framework/Versions/A/SkyLight
0x00007fff2f14b000 	/System/Library/Frameworks/CoreGraphics.framework/Versions/A/CoreGraphics
0x00007fff2aa9a000 	/System/Library/Frameworks/Accelerate.framework/Versions/A/Accelerate
0x00007fff65432000 	/usr/lib/libxml2.2.dylib
0x00007fff53314000 	/System/Library/PrivateFrameworks/IconServices.framework/Versions/A/IconServices
0x00007fff31b6f000 	/System/Library/Frameworks/IOSurface.framework/Versions/A/IOSurface
0x00007fff62b61000 	/usr/lib/libDiagnosticMessagesClient.dylib
0x00007fff4848a000 	/System/Library/PrivateFrameworks/DFRFoundation.framework/Versions/A/DFRFoundation
0x00007fff63ee2000 	/usr/lib/libicucore.A.dylib
0x00007fff2d033000 	/System/Library/Frameworks/AudioToolbox.framework/Versions/A/AudioToolbox
0x00007fff2d115000 	/System/Library/Frameworks/AudioUnit.framework/Versions/A/AudioUnit
0x00007fff6322b000 	/usr/lib/libauto.dylib
0x00007fff4850b000 	/System/Library/PrivateFrameworks/DataDetectorsCore.framework/Versions/A/DataDetectorsCore
0x00007fff2d881000 	/System/Library/Frameworks/Carbon.framework/Versions/A/Frameworks/HIToolbox.framework/Versions/A/HIToolbox
0x00007fff3a54a000 	/System/Library/Frameworks/QuartzCore.framework/Versions/A/QuartzCore
0x00007fff2dbc0000 	/System/Library/Frameworks/Carbon.framework/Versions/A/Frameworks/SpeechRecognition.framework/Versions/A/SpeechRecognition
0x00007fff47e0e000 	/System/Library/PrivateFrameworks/CoreUI.framework/Versions/A/CoreUI
0x00007fff2e244000 	/System/Library/Frameworks/CoreAudio.framework/Versions/A/CoreAudio
0x00007fff31055000 	/System/Library/Frameworks/DiskArbitration.framework/Versions/A/DiskArbitration
0x00007fff5531d000 	/System/Library/PrivateFrameworks/MultitouchSupport.framework/Versions/A/MultitouchSupport
0x00007fff63da8000 	/usr/lib/libenergytrace.dylib
0x00007fff31aca000 	/System/Library/Frameworks/IOKit.framework/Versions/A/IOKit
0x00007fff300b7000 	/System/Library/Frameworks/CoreServices.framework/Versions/A/CoreServices
0x00007fff57393000 	/System/Library/PrivateFrameworks/PerformanceAnalysis.framework/Versions/A/PerformanceAnalysis
0x00007fff39581000 	/System/Library/Frameworks/OpenGL.framework/Versions/A/OpenGL
0x00007fff2dd6f000 	/System/Library/Frameworks/ColorSync.framework/Versions/A/ColorSync
0x00007fff2f7d1000 	/System/Library/Frameworks/CoreImage.framework/Versions/A/CoreImage
0x00007fff30b2c000 	/System/Library/Frameworks/CoreText.framework/Versions/A/CoreText
0x00007fff31bf6000 	/System/Library/Frameworks/ImageIO.framework/Versions/A/ImageIO
0x00007fff63307000 	/usr/lib/libc++.1.dylib
0x00007fff63383000 	/usr/lib/libcompression.dylib
0x00007fff62ea3000 	/usr/lib/libMobileGestalt.dylib
0x00007fff5e9b6000 	/System/Library/PrivateFrameworks/TextureIO.framework/Versions/A/TextureIO
0x00007fff63191000 	/usr/lib/libate.dylib
0x00007fff5351c000 	/System/Library/PrivateFrameworks/InternationalSupport.framework/Versions/A/InternationalSupport
0x00007fff65fb9000 	/usr/lib/system/libcache.dylib
0x00007fff65fbf000 	/usr/lib/system/libcommonCrypto.dylib
0x00007fff65fcb000 	/usr/lib/system/libcompiler_rt.dylib
0x00007fff65fd3000 	/usr/lib/system/libcopyfile.dylib
0x00007fff65fdd000 	/usr/lib/system/libcorecrypto.dylib
0x00007fff6618b000 	/usr/lib/system/libdispatch.dylib
0x00007fff661cd000 	/usr/lib/system/libdyld.dylib
0x00007fff66203000 	/usr/lib/system/libkeymgr.dylib
0x00007fff66211000 	/usr/lib/system/liblaunch.dylib
0x00007fff66212000 	/usr/lib/system/libmacho.dylib
0x00007fff66218000 	/usr/lib/system/libquarantine.dylib
0x00007fff6621b000 	/usr/lib/system/libremovefile.dylib
0x00007fff6621d000 	/usr/lib/system/libsystem_asl.dylib
0x00007fff66235000 	/usr/lib/system/libsystem_blocks.dylib
0x00007fff66236000 	/usr/lib/system/libsystem_c.dylib
0x00007fff662be000 	/usr/lib/system/libsystem_configuration.dylib
0x00007fff662c2000 	/usr/lib/system/libsystem_coreservices.dylib
0x00007fff662c6000 	/usr/lib/system/libsystem_darwin.dylib
0x00007fff662ce000 	/usr/lib/system/libsystem_dnssd.dylib
0x00007fff662d6000 	/usr/lib/system/libsystem_featureflags.dylib
0x00007fff662d8000 	/usr/lib/system/libsystem_info.dylib
0x00007fff66353000 	/usr/lib/system/libsystem_m.dylib
0x00007fff6639b000 	/usr/lib/system/libsystem_malloc.dylib
0x00007fff663c3000 	/usr/lib/system/libsystem_networkextension.dylib
0x00007fff663d1000 	/usr/lib/system/libsystem_notify.dylib
0x00007fff663f0000 	/usr/lib/system/libsystem_sandbox.dylib
0x00007fff663f5000 	/usr/lib/system/libsystem_secinit.dylib
0x00007fff66326000 	/usr/lib/system/libsystem_kernel.dylib
0x00007fff663db000 	/usr/lib/system/libsystem_platform.dylib
0x00007fff663e5000 	/usr/lib/system/libsystem_pthread.dylib
0x00007fff663f8000 	/usr/lib/system/libsystem_symptoms.dylib
0x00007fff66400000 	/usr/lib/system/libsystem_trace.dylib
0x00007fff66418000 	/usr/lib/system/libunwind.dylib
0x00007fff6641e000 	/usr/lib/system/libxpc.dylib
0x00007fff6335b000 	/usr/lib/libc++abi.dylib
0x00007fff64156000 	/usr/lib/liblzma.5.dylib
0x00007fff63dd0000 	/usr/lib/libfakelink.dylib
0x00007fff6311e000 	/usr/lib/libarchive.2.dylib
0x00007fff3c4cf000 	/System/Library/Frameworks/SystemConfiguration.framework/Versions/A/SystemConfiguration
0x00007fff62a92000 	/usr/lib/libCRFSuite.dylib
0x00007fff2d48b000 	/System/Library/Frameworks/CFNetwork.framework/Versions/A/CFNetwork
0x00007fff632e9000 	/usr/lib/libbsm.0.dylib
0x00007fff66204000 	/usr/lib/system/libkxld.dylib
0x00007fff41fa7000 	/System/Library/PrivateFrameworks/AppleFSCompression.framework/Versions/A/AppleFSCompression
0x00007fff63667000 	/usr/lib/libcoretls.dylib
0x00007fff6367e000 	/usr/lib/libcoretls_cfhelpers.dylib
0x00007fff64ead000 	/usr/lib/libpam.2.dylib
0x00007fff64fdd000 	/usr/lib/libsqlite3.dylib
0x00007fff6541f000 	/usr/lib/libxar.1.dylib
0x00007fff632fa000 	/usr/lib/libbz2.1.0.dylib
0x00007fff63df1000 	/usr/lib/libiconv.2.dylib
0x00007fff63370000 	/usr/lib/libcharset.1.dylib
0x00007fff64958000 	/usr/lib/libnetwork.dylib
0x00007fff64eb4000 	/usr/lib/libpcap.A.dylib
0x00007fff630d3000 	/usr/lib/libapple_nghttp2.dylib
0x00007fff3046e000 	/System/Library/Frameworks/CoreServices.framework/Versions/A/Frameworks/FSEvents.framework/Versions/A/FSEvents
0x00007fff3013e000 	/System/Library/Frameworks/CoreServices.framework/Versions/A/Frameworks/CarbonCore.framework/Versions/A/CarbonCore
0x00007fff306b1000 	/System/Library/Frameworks/CoreServices.framework/Versions/A/Frameworks/Metadata.framework/Versions/A/Metadata
0x00007fff3074a000 	/System/Library/Frameworks/CoreServices.framework/Versions/A/Frameworks/OSServices.framework/Versions/A/OSServices
0x00007fff30778000 	/System/Library/Frameworks/CoreServices.framework/Versions/A/Frameworks/SearchKit.framework/Versions/A/SearchKit
0x00007fff300b8000 	/System/Library/Frameworks/CoreServices.framework/Versions/A/Frameworks/AE.framework/Versions/A/AE
0x00007fff30477000 	/System/Library/Frameworks/CoreServices.framework/Versions/A/Frameworks/LaunchServices.framework/Versions/A/LaunchServices
0x00007fff30420000 	/System/Library/Frameworks/CoreServices.framework/Versions/A/Frameworks/DictionaryServices.framework/Versions/A/DictionaryServices
0x00007fff307e0000 	/System/Library/Frameworks/CoreServices.framework/Versions/A/Frameworks/SharedFileList.framework/Versions/A/SharedFileList
0x00007fff353d5000 	/System/Library/Frameworks/NetFS.framework/Versions/A/NetFS
0x00007fff557c0000 	/System/Library/PrivateFrameworks/NetAuth.framework/Versions/A/NetAuth
0x00007fff62721000 	/System/Library/PrivateFrameworks/login.framework/Versions/A/Frameworks/loginsupport.framework/Versions/A/loginsupport
0x00007fff5e4b4000 	/System/Library/PrivateFrameworks/TCC.framework/Versions/A/TCC
0x00007fff46b3b000 	/System/Library/PrivateFrameworks/CoreNLP.framework/Versions/A/CoreNLP
0x00007fff54d4d000 	/System/Library/PrivateFrameworks/MetadataUtilities.framework/Versions/A/MetadataUtilities
0x00007fff6422e000 	/usr/lib/libmecabra.dylib
0x00007fff64186000 	/usr/lib/libmecab.dylib
0x00007fff63de1000 	/usr/lib/libgermantok.dylib
0x00007fff630ba000 	/usr/lib/libThaiTokenizer.dylib
0x00007fff62aca000 	/usr/lib/libChineseTokenizer.dylib
0x00007fff2aab2000 	/System/Library/Frameworks/Accelerate.framework/Versions/A/Frameworks/vImage.framework/Versions/A/vImage
0x00007fff2bd54000 	/System/Library/Frameworks/Accelerate.framework/Versions/A/Frameworks/vecLib.framework/Versions/A/vecLib
0x00007fff2bc98000 	/System/Library/Frameworks/Accelerate.framework/Versions/A/Frameworks/vecLib.framework/Versions/A/libvMisc.dylib
0x00007fff2babe000 	/System/Library/Frameworks/Accelerate.framework/Versions/A/Frameworks/vecLib.framework/Versions/A/libvDSP.dylib
0x00007fff2b11e000 	/System/Library/Frameworks/Accelerate.framework/Versions/A/Frameworks/vecLib.framework/Versions/A/libBLAS.dylib
0x00007fff2b678000 	/System/Library/Frameworks/Accelerate.framework/Versions/A/Frameworks/vecLib.framework/Versions/A/libLAPACK.dylib
0x00007fff2ba1e000 	/System/Library/Frameworks/Accelerate.framework/Versions/A/Frameworks/vecLib.framework/Versions/A/libLinearAlgebra.dylib
0x00007fff2baab000 	/System/Library/Frameworks/Accelerate.framework/Versions/A/Frameworks/vecLib.framework/Versions/A/libSparseBLAS.dylib
0x00007fff2ba34000 	/System/Library/Frameworks/Accelerate.framework/Versions/A/Frameworks/vecLib.framework/Versions/A/libQuadrature.dylib
0x00007fff2b387000 	/System/Library/Frameworks/Accelerate.framework/Versions/A/Frameworks/vecLib.framework/Versions/A/libBNNS.dylib
0x00007fff2ba3a000 	/System/Library/Frameworks/Accelerate.framework/Versions/A/Frameworks/vecLib.framework/Versions/A/libSparse.dylib
0x00007fff538da000 	/System/Library/PrivateFrameworks/LanguageModeling.framework/Versions/A/LanguageModeling
0x00007fff464da000 	/System/Library/PrivateFrameworks/CoreEmoji.framework/Versions/A/CoreEmoji
0x00007fff539f8000 	/System/Library/PrivateFrameworks/LinguisticData.framework/Versions/A/LinguisticData
0x00007fff539a9000 	/System/Library/PrivateFrameworks/Lexicon.framework/Versions/A/Lexicon
0x00007fff63371000 	/usr/lib/libcmph.dylib
0x00007fff37fa7000 	/System/Library/Frameworks/OpenDirectory.framework/Versions/A/Frameworks/CFOpenDirectory.framework/Versions/A/CFOpenDirectory
0x00007fff37fc4000 	/System/Library/Frameworks/OpenDirectory.framework/Versions/A/OpenDirectory
0x00007fff40295000 	/System/Library/PrivateFrameworks/APFS.framework/Versions/A/APFS
0x00007fff3b65c000 	/System/Library/Frameworks/SecurityFoundation.framework/Versions/A/SecurityFoundation
0x00007fff6541b000 	/usr/lib/libutil.dylib
0x00007fff477c0000 	/System/Library/PrivateFrameworks/CoreServicesStore.framework/Versions/A/CoreServicesStore
0x00007fff3b73e000 	/System/Library/Frameworks/ServiceManagement.framework/Versions/A/ServiceManagement
0x00007fff43759000 	/System/Library/PrivateFrameworks/BackgroundTaskManagement.framework/Versions/A/BackgroundTaskManagement
0x00007fff65518000 	/usr/lib/libxslt.1.dylib
0x00007fff4260a000 	/System/Library/PrivateFrameworks/AppleSystemInfo.framework/Versions/A/AppleSystemInfo
0x00007fff31e12000 	/System/Library/Frameworks/ImageIO.framework/Versions/A/Resources/libJPEG.dylib
0x00007fff320d1000 	/System/Library/Frameworks/ImageIO.framework/Versions/A/Resources/libTIFF.dylib
0x00007fff320b4000 	/System/Library/Frameworks/ImageIO.framework/Versions/A/Resources/libPng.dylib
0x00007fff31d53000 	/System/Library/Frameworks/ImageIO.framework/Versions/A/Resources/libGIF.dylib
0x00007fff31d57000 	/System/Library/Frameworks/ImageIO.framework/Versions/A/Resources/libJP2.dylib
0x00007fff320cf000 	/System/Library/Frameworks/ImageIO.framework/Versions/A/Resources/libRadiance.dylib
0x00007fff63da9000 	/usr/lib/libexpat.1.dylib
0x00007fff42102000 	/System/Library/PrivateFrameworks/AppleJPEG.framework/Versions/A/AppleJPEG
0x00007fff4aa21000 	/System/Library/PrivateFrameworks/FontServices.framework/libFontParser.dylib
0x00007fff6177f000 	/System/Library/PrivateFrameworks/WatchdogClient.framework/Versions/A/WatchdogClient
0x00007fff52f69000 	/System/Library/PrivateFrameworks/IOAccelerator.framework/Versions/A/IOAccelerator
0x00007fff3448e000 	/System/Library/Frameworks/MetalPerformanceShaders.framework/Versions/A/MetalPerformanceShaders
0x00007fff4f76e000 	/System/Library/PrivateFrameworks/GPUWrangler.framework/Versions/A/GPUWrangler
0x00007fff52f74000 	/System/Library/PrivateFrameworks/IOPresentment.framework/Versions/A/IOPresentment
0x00007fff4849d000 	/System/Library/PrivateFrameworks/DSExternalDisplay.framework/Versions/A/DSExternalDisplay
0x00007fff3892d000 	/System/Library/Frameworks/OpenGL.framework/Versions/A/Libraries/libCoreFSCache.dylib
0x00007fff341e0000 	/System/Library/Frameworks/MetalPerformanceShaders.framework/Frameworks/MPSCore.framework/Versions/A/MPSCore
0x00007fff3421d000 	/System/Library/Frameworks/MetalPerformanceShaders.framework/Frameworks/MPSImage.framework/Versions/A/MPSImage
0x00007fff342df000 	/System/Library/Frameworks/MetalPerformanceShaders.framework/Frameworks/MPSNeuralNetwork.framework/Versions/A/MPSNeuralNetwork
0x00007fff342a4000 	/System/Library/Frameworks/MetalPerformanceShaders.framework/Frameworks/MPSMatrix.framework/Versions/A/MPSMatrix
0x00007fff3443f000 	/System/Library/Frameworks/MetalPerformanceShaders.framework/Frameworks/MPSRayIntersector.framework/Versions/A/MPSRayIntersector
0x00007fff342c9000 	/System/Library/Frameworks/MetalPerformanceShaders.framework/Frameworks/MPSNDArray.framework/Versions/A/MPSNDArray
0x00007fff54d9a000 	/System/Library/PrivateFrameworks/MetalTools.framework/Versions/A/MetalTools
0x00007fff41435000 	/System/Library/PrivateFrameworks/AggregateDictionary.framework/Versions/A/AggregateDictionary
0x00007fff45f6d000 	/System/Library/PrivateFrameworks/CoreAnalytics.framework/Versions/A/CoreAnalytics
0x00007fff42528000 	/System/Library/PrivateFrameworks/AppleSauce.framework/Versions/A/AppleSauce
0x00007fff62d86000 	/usr/lib/libIOReport.dylib
0x00007fff30ce1000 	/System/Library/Frameworks/CoreVideo.framework/Versions/A/CoreVideo
0x00007fff50bd3000 	/System/Library/PrivateFrameworks/GraphVisualizer.framework/Versions/A/GraphVisualizer
0x00007fff49fa0000 	/System/Library/PrivateFrameworks/FaceCore.framework/Versions/A/FaceCore
0x00007fff37f4e000 	/System/Library/Frameworks/OpenCL.framework/Versions/A/OpenCL
0x00007fff62ba8000 	/usr/lib/libFosl_dynamic.dylib
0x00007fff561b8000 	/System/Library/PrivateFrameworks/OTSVG.framework/Versions/A/OTSVG
0x00007fff2ce06000 	/System/Library/Frameworks/ApplicationServices.framework/Versions/A/Frameworks/ATS.framework/Versions/A/Resources/libFontRegistry.dylib
0x00007fff4abf2000 	/System/Library/PrivateFrameworks/FontServices.framework/libhvf.dylib
0x00007fff38938000 	/System/Library/Frameworks/OpenGL.framework/Versions/A/Libraries/libGFXShared.dylib
0x00007fff38b15000 	/System/Library/Frameworks/OpenGL.framework/Versions/A/Libraries/libGLU.dylib
0x00007fff38941000 	/System/Library/Frameworks/OpenGL.framework/Versions/A/Libraries/libGL.dylib
0x00007fff3894c000 	/System/Library/Frameworks/OpenGL.framework/Versions/A/Libraries/libGLImage.dylib
0x00007fff3892a000 	/System/Library/Frameworks/OpenGL.framework/Versions/A/Libraries/libCVMSPluginSupport.dylib
0x00007fff38933000 	/System/Library/Frameworks/OpenGL.framework/Versions/A/Libraries/libCoreVMClient.dylib
0x00007fff647fa000 	/usr/lib/libncurses.5.4.dylib
0x00007fff2cd02000 	/System/Library/Frameworks/ApplicationServices.framework/Versions/A/Frameworks/ATS.framework/Versions/A/ATS
0x00007fff2cecf000 	/System/Library/Frameworks/ApplicationServices.framework/Versions/A/Frameworks/ColorSyncLegacy.framework/Versions/A/ColorSyncLegacy
0x00007fff2cf6e000 	/System/Library/Frameworks/ApplicationServices.framework/Versions/A/Frameworks/HIServices.framework/Versions/A/HIServices
0x00007fff2cfc5000 	/System/Library/Frameworks/ApplicationServices.framework/Versions/A/Frameworks/LangAnalysis.framework/Versions/A/LangAnalysis
0x00007fff2cfd4000 	/System/Library/Frameworks/ApplicationServices.framework/Versions/A/Frameworks/PrintCore.framework/Versions/A/PrintCore
0x00007fff2d01a000 	/System/Library/Frameworks/ApplicationServices.framework/Versions/A/Frameworks/QD.framework/Versions/A/QD
0x00007fff2d025000 	/System/Library/Frameworks/ApplicationServices.framework/Versions/A/Frameworks/SpeechSynthesis.framework/Versions/A/SpeechSynthesis
0x00007fff2ce9f000 	/System/Library/Frameworks/ApplicationServices.framework/Versions/A/Frameworks/ATSUI.framework/Versions/A/ATSUI
0x00007fff63c3d000 	/usr/lib/libcups.2.dylib
0x00007fff3353f000 	/System/Library/Frameworks/Kerberos.framework/Versions/A/Kerberos
0x00007fff317c1000 	/System/Library/Frameworks/GSS.framework/Versions/A/GSS
0x00007fff64f69000 	/usr/lib/libresolv.9.dylib
0x00007fff50d74000 	/System/Library/PrivateFrameworks/Heimdal.framework/Versions/A/Heimdal
0x00007fff33552000 	/System/Library/Frameworks/Kerberos.framework/Versions/A/Libraries/libHeimdalProxy.dylib
0x00007fff63de7000 	/usr/lib/libheimdal-asn1.dylib
0x00007fff45411000 	/System/Library/PrivateFrameworks/CommonAuth.framework/Versions/A/CommonAuth
0x00007fff426a7000 	/System/Library/PrivateFrameworks/AssertionServices.framework/Versions/A/AssertionServices
0x00007fff43247000 	/System/Library/PrivateFrameworks/AudioToolboxCore.framework/Versions/A/AudioToolboxCore
0x00007fff623d3000 	/System/Library/PrivateFrameworks/caulk.framework/Versions/A/caulk
0x00007fff43805000 	/System/Library/PrivateFrameworks/BaseBoard.framework/Versions/A/BaseBoard
0x00007fff5a293000 	/System/Library/PrivateFrameworks/RunningBoardServices.framework/Versions/A/RunningBoardServices
0x00007fff5739f000 	/System/Library/PrivateFrameworks/PersistentConnection.framework/Versions/A/PersistentConnection
0x00007fff59ce7000 	/System/Library/PrivateFrameworks/ProtocolBuffer.framework/Versions/A/ProtocolBuffer
0x00007fff45436000 	/System/Library/PrivateFrameworks/CommonUtilities.framework/Versions/A/CommonUtilities
0x00007fff43988000 	/System/Library/PrivateFrameworks/Bom.framework/Versions/A/Bom
0x00007fff62a56000 	/usr/lib/libAudioToolboxUtility.dylib
0x00007fff43763000 	/System/Library/PrivateFrameworks/Backup.framework/Versions/A/Backup
0x00007fff4820b000 	/System/Library/PrivateFrameworks/CrashReporterSupport.framework/Versions/A/CrashReporterSupport
0x00007fff5bd2d000 	/System/Library/PrivateFrameworks/Sharing.framework/Versions/A/Sharing
0x00007fff41e4d000 	/System/Library/PrivateFrameworks/Apple80211.framework/Versions/A/Apple80211
0x00007fff43485000 	/System/Library/PrivateFrameworks/AuthKit.framework/Versions/A/AuthKit
0x00007fff47f3b000 	/System/Library/PrivateFrameworks/CoreUtils.framework/Versions/A/CoreUtils
0x00007fff30d26000 	/System/Library/Frameworks/CoreWLAN.framework/Versions/A/CoreWLAN
0x00007fff3194b000 	/System/Library/Frameworks/IOBluetooth.framework/Versions/A/IOBluetooth
0x00007fff55098000 	/System/Library/PrivateFrameworks/MobileKeyBag.framework/Versions/A/MobileKeyBag
0x00007fff47014000 	/System/Library/PrivateFrameworks/CorePhoneNumbers.framework/Versions/A/CorePhoneNumbers
0x00007fff420b5000 	/System/Library/PrivateFrameworks/AppleIDAuthSupport.framework/Versions/A/AppleIDAuthSupport
0x00007fff353e2000 	/System/Library/Frameworks/Network.framework/Versions/A/Network
0x00007fff53763000 	/System/Library/PrivateFrameworks/KeychainCircle.framework/Versions/A/KeychainCircle
0x00007fff2e7a6000 	/System/Library/Frameworks/CoreBluetooth.framework/Versions/A/CoreBluetooth
0x00007fff5d9c5000 	/System/Library/PrivateFrameworks/SpeechRecognitionCore.framework/Versions/A/SpeechRecognitionCore
0x000000010ef97000 	/Library/Java/JavaVirtualMachines/jdk1.8.0_201.jdk/Contents/Home/jre/lib/server/libjvm.dylib
0x00007fff652ee000 	/usr/lib/libstdc++.6.dylib
0x000000010d246000 	/Library/Java/JavaVirtualMachines/jdk1.8.0_201.jdk/Contents/Home/jre/lib/libverify.dylib
0x000000010d254000 	/Library/Java/JavaVirtualMachines/jdk1.8.0_201.jdk/Contents/Home/jre/lib/libjava.dylib
0x000000010d2d4000 	/Library/Java/JavaVirtualMachines/jdk1.8.0_201.jdk/Contents/Home/jre/lib/libzip.dylib
0x00000001275e0000 	/Library/Java/JavaVirtualMachines/jdk1.8.0_201.jdk/Contents/Home/jre/lib/libnio.dylib
0x00000001275f0000 	/Library/Java/JavaVirtualMachines/jdk1.8.0_201.jdk/Contents/Home/jre/lib/libnet.dylib
0x000000012764f000 	/private/var/folders/m5/gjkncjps3rxg814x2pdyt7pr0000gn/T/libjansi-1.17.1-5047573093002439052.jnilib
0x00000001276ea000 	/Library/Java/JavaVirtualMachines/jdk1.8.0_201.jdk/Contents/Home/jre/lib/libmanagement.dylib
0x0000000127b90000 	/Library/Java/JavaVirtualMachines/jdk1.8.0_201.jdk/Contents/Home/jre/lib/libsunec.dylib

VM Arguments:
jvm_args: -Dmaven.home=/Users/ia/apache-maven-3.6.2 -Dclassworlds.conf=/Users/ia/Workspaces/MyEclipse CI/.metadata/.plugins/org.eclipse.m2e.launching/launches/m2conf3867193548917268670.tmp -Dmaven.multiModuleProjectDirectory=/Users/ia/Workspaces/MyEclipse CI/mytao-manager -Dfile.encoding=UTF-8 
java_command: org.codehaus.plexus.classworlds.launcher.Launcher -B -s /Users/ia/apache-maven-3.6.2/conf/settings.xml clean tomcat7:run
java_class_path (initial): /Users/ia/apache-maven-3.6.2/boot/plexus-classworlds-2.6.0.jar
Launcher Type: SUN_STANDARD

Environment Variables:
PATH=/usr/bin:/bin:/usr/sbin:/sbin
SHELL=/bin/bash

Signal Handlers:
SIGSEGV: [libjvm.dylib+0x5b723d], sa_mask[0]=11111111011111110111111111111111, sa_flags=SA_ONSTACK|SA_RESTART|SA_SIGINFO
SIGBUS: [libjvm.dylib+0x5b723d], sa_mask[0]=11111111011111110111111111111111, sa_flags=SA_RESTART|SA_SIGINFO
SIGFPE: [libjvm.dylib+0x48c9bc], sa_mask[0]=11111111011111110111111111111111, sa_flags=SA_RESTART|SA_SIGINFO
SIGPIPE: [libjvm.dylib+0x48c9bc], sa_mask[0]=11111111011111110111111111111111, sa_flags=SA_RESTART|SA_SIGINFO
SIGXFSZ: [libjvm.dylib+0x48c9bc], sa_mask[0]=11111111011111110111111111111111, sa_flags=SA_RESTART|SA_SIGINFO
SIGILL: [libjvm.dylib+0x48c9bc], sa_mask[0]=11111111011111110111111111111111, sa_flags=SA_RESTART|SA_SIGINFO
SIGUSR1: SIG_DFL, sa_mask[0]=00000000000000000000000000000000, sa_flags=none
SIGUSR2: [libjvm.dylib+0x48c4da], sa_mask[0]=00100000000000000000000000000000, sa_flags=SA_RESTART|SA_SIGINFO
SIGHUP: [libjvm.dylib+0x48aa65], sa_mask[0]=11111111011111110111111111111111, sa_flags=SA_RESTART|SA_SIGINFO
SIGINT: [libjvm.dylib+0x48aa65], sa_mask[0]=11111111011111110111111111111111, sa_flags=SA_RESTART|SA_SIGINFO
SIGTERM: [libjvm.dylib+0x48aa65], sa_mask[0]=11111111011111110111111111111111, sa_flags=SA_RESTART|SA_SIGINFO
SIGQUIT: [libjvm.dylib+0x48aa65], sa_mask[0]=11111111011111110111111111111111, sa_flags=SA_RESTART|SA_SIGINFO


---------------  S Y S T E M  ---------------

OS:Bsduname:Darwin 19.0.0 Darwin Kernel Version 19.0.0: Thu Oct 17 16:17:15 PDT 2019; root:xnu-6153.41.3~29/RELEASE_X86_64 x86_64
rlimit: STACK 8192k, CORE 0k, NPROC 1392, NOFILE 10240, AS infinity
load average:2.88 2.43 2.18

CPU:total 8 (initial active 8) (4 cores per cpu, 2 threads per core) family 6 model 142 stepping 10, cmov, cx8, fxsr, mmx, sse, sse2, sse3, ssse3, sse4.1, sse4.2, popcnt, avx, avx2, aes, clmul, erms, 3dnowpref, lzcnt, ht, tsc, tscinvbit, bmi1, bmi2, adx

Memory: 4k page, physical 8388608k(164884k free)

/proc/meminfo:


vm_info: Java HotSpot(TM) 64-Bit Server VM (25.201-b09) for bsd-amd64 JRE (1.8.0_201-b09), built on Dec 15 2018 18:35:23 by "java_re" with gcc 4.2.1 (Based on Apple Inc. build 5658) (LLVM build 2336.11.00)

time: Tue Nov 26 17:46:45 2019
timezone: CST
elapsed time: 26354 seconds (0d 7h 19m 14s)

